0 info it worked if it ends with ok
1 verbose cli [ 'node', '/usr/local/bin/npm', 'install', '-g', 'angular-charts' ]
2 info using npm@1.4.3
3 info using node@v0.10.26
4 verbose cache add [ 'angular-charts', null ]
5 verbose cache add name=undefined spec="angular-charts" args=["angular-charts",null]
6 verbose parsed url { protocol: null,
6 verbose parsed url   slashes: null,
6 verbose parsed url   auth: null,
6 verbose parsed url   host: null,
6 verbose parsed url   port: null,
6 verbose parsed url   hostname: null,
6 verbose parsed url   hash: null,
6 verbose parsed url   search: null,
6 verbose parsed url   query: null,
6 verbose parsed url   pathname: 'angular-charts',
6 verbose parsed url   path: 'angular-charts',
6 verbose parsed url   href: 'angular-charts' }
7 silly lockFile b31b83d2-angular-charts angular-charts
8 verbose lock angular-charts /Users/CMH-MacMini/.npm/b31b83d2-angular-charts.lock
9 silly lockFile b31b83d2-angular-charts angular-charts
10 silly lockFile b31b83d2-angular-charts angular-charts
11 verbose addNamed [ 'angular-charts', '' ]
12 verbose addNamed [ null, '*' ]
13 silly lockFile a5eb32fc-angular-charts angular-charts@
14 verbose lock angular-charts@ /Users/CMH-MacMini/.npm/a5eb32fc-angular-charts.lock
15 silly addNameRange { name: 'angular-charts', range: '*', hasData: false }
16 verbose url raw angular-charts
17 verbose url resolving [ 'https://registry.npmjs.org/', './angular-charts' ]
18 verbose url resolved https://registry.npmjs.org/angular-charts
19 info trying registry request attempt 1 at 14:58:27
20 http GET https://registry.npmjs.org/angular-charts
21 http 404 https://registry.npmjs.org/angular-charts
22 silly registry.get cb [ 404,
22 silly registry.get   { date: 'Wed, 21 May 2014 13:58:18 GMT',
22 silly registry.get     server: 'CouchDB/1.5.0 (Erlang OTP/R14B04)',
22 silly registry.get     'content-type': 'application/json',
22 silly registry.get     via: '1.1 varnish',
22 silly registry.get     'cache-control': 'max-age=0',
22 silly registry.get     'content-length': '52',
22 silly registry.get     'accept-ranges': 'bytes',
22 silly registry.get     age: '0',
22 silly registry.get     'x-served-by': 'cache-v36-ASH, cache-lcy1130-LCY',
22 silly registry.get     'x-cache': 'MISS, MISS',
22 silly registry.get     'x-cache-hits': '0, 0',
22 silly registry.get     'x-timer': 'S1400680698.389486551,VS0,VS38,VE133,VE170',
22 silly registry.get     'keep-alive': 'timeout=10, max=50',
22 silly registry.get     connection: 'Keep-Alive' } ]
23 silly lockFile a5eb32fc-angular-charts angular-charts@
24 silly lockFile a5eb32fc-angular-charts angular-charts@
25 error 404 'angular-charts' is not in the npm registry.
25 error 404 You should bug the author to publish it
25 error 404
25 error 404 Note that you can also install from a
25 error 404 tarball, folder, or http url, or git url.
26 error System Darwin 13.1.0
27 error command "node" "/usr/local/bin/npm" "install" "-g" "angular-charts"
28 error cwd /Users/CMH-MacMini/WebstormProjects/YOANGULAR
29 error node -v v0.10.26
30 error npm -v 1.4.3
31 error code E404
32 verbose exit [ 1, true ]
